{"/home/jiang/work/for_claude/skills_dev/src/calculator.ts": {"path":"/home/jiang/work/for_claude/skills_dev/src/calculator.ts","statementMap":{"0":{"start":{"line":1,"column":19},"end":{"line":1,"column":null}},"1":{"start":{"line":1,"column":53},"end":{"line":1,"column":null}},"2":{"start":{"line":3,"column":24},"end":{"line":3,"column":null}},"3":{"start":{"line":3,"column":58},"end":{"line":3,"column":null}}},"fnMap":{"0":{"name":"(anonymous_0)","decl":{"start":{"line":1,"column":19},"end":{"line":1,"column":20}},"loc":{"start":{"line":1,"column":53},"end":{"line":1,"column":null}},"line":1},"1":{"name":"(anonymous_1)","decl":{"start":{"line":3,"column":24},"end":{"line":3,"column":25}},"loc":{"start":{"line":3,"column":58},"end":{"line":3,"column":null}},"line":3}},"branchMap":{},"s":{"0":2,"1":5,"2":2,"3":6},"f":{"0":5,"1":6},"b":{},"meta":{"lastBranch":0,"lastFunction":2,"lastStatement":4,"seen":{"s:1:19:1:Infinity":0,"f:1:19:1:20":0,"s:1:53:1:Infinity":1,"s:3:24:3:Infinity":2,"f:3:24:3:25":1,"s:3:58:3:Infinity":3}}}
}
